{
  "tests": 20,
  "failures": 3,
  "disabled": 0,
  "errors": 0,
  "timestamp": "2023-06-16T01:42:37Z",
  "time": "0.002s",
  "name": "AllTests",
  "testsuites": [
    {
      "name": "MyStringTester",
      "tests": 20,
      "failures": 3,
      "disabled": 0,
      "errors": 0,
      "timestamp": "2023-06-16T01:42:37Z",
      "time": "0.001s",
      "testsuite": [
        {
          "name": "emptyStringConstruction_expectedSizeIsZero",
          "file": "\/tmp\/tmp_jtf8k15\/student\/zaj14MyString\/unit_tests\/myStringTests.cpp",
          "line": 28,
          "status": "RUN",
          "result": "COMPLETED",
          "timestamp": "2023-06-16T01:42:37Z",
          "time": "0s",
          "classname": "MyStringTester"
        },
        {
          "name": "constructionFromConstChar_expectedTextCopied",
          "file": "\/tmp\/tmp_jtf8k15\/student\/zaj14MyString\/unit_tests\/myStringTests.cpp",
          "line": 36,
          "status": "RUN",
          "result": "COMPLETED",
          "timestamp": "2023-06-16T01:42:37Z",
          "time": "0s",
          "classname": "MyStringTester"
        },
        {
          "name": "clear_expectedEmptyStringAfterClearing",
          "file": "\/tmp\/tmp_jtf8k15\/student\/zaj14MyString\/unit_tests\/myStringTests.cpp",
          "line": 51,
          "status": "RUN",
          "result": "COMPLETED",
          "timestamp": "2023-06-16T01:42:37Z",
          "time": "0s",
          "classname": "MyStringTester"
        },
        {
          "name": "ostreamOperator_readTextShorterThanBufferSize_expectedTextInStream",
          "file": "\/tmp\/tmp_jtf8k15\/student\/zaj14MyString\/unit_tests\/myStringTests.cpp",
          "line": 65,
          "status": "RUN",
          "result": "COMPLETED",
          "timestamp": "2023-06-16T01:42:37Z",
          "time": "0s",
          "classname": "MyStringTester"
        },
        {
          "name": "ostreamOperator_readTextEqualToBufferSize_expectedTextInStream",
          "file": "\/tmp\/tmp_jtf8k15\/student\/zaj14MyString\/unit_tests\/myStringTests.cpp",
          "line": 74,
          "status": "RUN",
          "result": "COMPLETED",
          "timestamp": "2023-06-16T01:42:37Z",
          "time": "0s",
          "classname": "MyStringTester"
        },
        {
          "name": "ostreamOperator_readTextLongerThanBufferSize_expectedTextInStream",
          "file": "\/tmp\/tmp_jtf8k15\/student\/zaj14MyString\/unit_tests\/myStringTests.cpp",
          "line": 83,
          "status": "RUN",
          "result": "COMPLETED",
          "timestamp": "2023-06-16T01:42:37Z",
          "time": "0s",
          "classname": "MyStringTester"
        },
        {
          "name": "indexAccessOperator_expectedPossibilityToAccesElementsWithIndex",
          "file": "\/tmp\/tmp_jtf8k15\/student\/zaj14MyString\/unit_tests\/myStringTests.cpp",
          "line": 92,
          "status": "RUN",
          "result": "COMPLETED",
          "timestamp": "2023-06-16T01:42:37Z",
          "time": "0s",
          "classname": "MyStringTester"
        },
        {
          "name": "istreamOperator_expectedTextCopiedFromStreamToString",
          "file": "\/tmp\/tmp_jtf8k15\/student\/zaj14MyString\/unit_tests\/myStringTests.cpp",
          "line": 104,
          "status": "RUN",
          "result": "COMPLETED",
          "timestamp": "2023-06-16T01:42:37Z",
          "time": "0s",
          "classname": "MyStringTester"
        },
        {
          "name": "trimming_expectedSpacesRemoved",
          "file": "\/tmp\/tmp_jtf8k15\/student\/zaj14MyString\/unit_tests\/myStringTests.cpp",
          "line": 121,
          "status": "RUN",
          "result": "COMPLETED",
          "timestamp": "2023-06-16T01:42:37Z",
          "time": "0s",
          "classname": "MyStringTester"
        },
        {
          "name": "operatorPlusEqual_expectedTextConcatenation",
          "file": "\/tmp\/tmp_jtf8k15\/student\/zaj14MyString\/unit_tests\/myStringTests.cpp",
          "line": 166,
          "status": "RUN",
          "result": "COMPLETED",
          "timestamp": "2023-06-16T01:42:37Z",
          "time": "0s",
          "classname": "MyStringTester"
        },
        {
          "name": "countingUniqueWords",
          "file": "\/tmp\/tmp_jtf8k15\/student\/zaj14MyString\/unit_tests\/myStringTests.cpp",
          "line": 186,
          "status": "RUN",
          "result": "COMPLETED",
          "timestamp": "2023-06-16T01:42:37Z",
          "time": "0s",
          "classname": "MyStringTester",
          "failures": [
            {
              "failure": "\/tmp\/tmp_jtf8k15\/student\/zaj14MyString\/unit_tests\/myStringTests.cpp:196\nExpected equality of these values:\n  expectedNumberOfWords\n    Which is: 21\n  uniqueWords.size()\n    Which is: 1",
              "type": ""
            }
          ]
        },
        {
          "name": "countingWordsNumbersInText",
          "file": "\/tmp\/tmp_jtf8k15\/student\/zaj14MyString\/unit_tests\/myStringTests.cpp",
          "line": 199,
          "status": "RUN",
          "result": "COMPLETED",
          "timestamp": "2023-06-16T01:42:37Z",
          "time": "0s",
          "classname": "MyStringTester",
          "failures": [
            {
              "failure": "\/tmp\/tmp_jtf8k15\/student\/zaj14MyString\/unit_tests\/myStringTests.cpp:256\nExpected equality of these values:\n  3\n  wordsUsage.at(\"zaczarowana\")\n    Which is: 1447\nall words: 1",
              "type": ""
            },
            {
              "failure": "\/tmp\/tmp_jtf8k15\/student\/zaj14MyString\/unit_tests\/myStringTests.cpp:257\nExpected equality of these values:\n  6\n  wordsUsage.at(\"zaczarowany\")\n    Which is: 1447\nall words: 1",
              "type": ""
            },
            {
              "failure": "\/tmp\/tmp_jtf8k15\/student\/zaj14MyString\/unit_tests\/myStringTests.cpp:258\nExpected equality of these values:\n  4\n  wordsUsage.at(\"kon\")\n    Which is: 1447\nall words: 1",
              "type": ""
            }
          ]
        },
        {
          "name": "countingWordsNumbersInTextIgnoringWordCases",
          "file": "\/tmp\/tmp_jtf8k15\/student\/zaj14MyString\/unit_tests\/myStringTests.cpp",
          "line": 261,
          "status": "RUN",
          "result": "COMPLETED",
          "timestamp": "2023-06-16T01:42:37Z",
          "time": "0s",
          "classname": "MyStringTester",
          "failures": [
            {
              "failure": "\/tmp\/tmp_jtf8k15\/student\/zaj14MyString\/unit_tests\/myStringTests.cpp:302\nExpected equality of these values:\n  9\n  wordsUsage.at(\"krolowa\")\n    Which is: 1284\nall words: 1",
              "type": ""
            },
            {
              "failure": "\/tmp\/tmp_jtf8k15\/student\/zaj14MyString\/unit_tests\/myStringTests.cpp:303\nExpected equality of these values:\n  16\n  wordsUsage.at(\"woznico\")\n    Which is: 1284\nall words: 1",
              "type": ""
            },
            {
              "failure": "\/tmp\/tmp_jtf8k15\/student\/zaj14MyString\/unit_tests\/myStringTests.cpp:304\nExpected equality of these values:\n  11\n  wordsUsage.at(\"krol\")\n    Which is: 1284\nall words: 1",
              "type": ""
            }
          ]
        },
        {
          "name": "wordsIntoLowerCase",
          "file": "\/tmp\/tmp_jtf8k15\/student\/zaj14MyString\/unit_tests\/myStringTests.cpp",
          "line": 307,
          "status": "RUN",
          "result": "COMPLETED",
          "timestamp": "2023-06-16T01:42:37Z",
          "time": "0s",
          "classname": "MyStringTester"
        },
        {
          "name": "randomWordGeneration",
          "file": "\/tmp\/tmp_jtf8k15\/student\/zaj14MyString\/unit_tests\/myStringTests.cpp",
          "line": 322,
          "status": "RUN",
          "result": "COMPLETED",
          "timestamp": "2023-06-16T01:42:37Z",
          "time": "0s",
          "classname": "MyStringTester"
        },
        {
          "name": "startsWith",
          "file": "\/tmp\/tmp_jtf8k15\/student\/zaj14MyString\/unit_tests\/myStringTests.cpp",
          "line": 333,
          "status": "RUN",
          "result": "COMPLETED",
          "timestamp": "2023-06-16T01:42:37Z",
          "time": "0s",
          "classname": "MyStringTester"
        },
        {
          "name": "endsWith",
          "file": "\/tmp\/tmp_jtf8k15\/student\/zaj14MyString\/unit_tests\/myStringTests.cpp",
          "line": 348,
          "status": "RUN",
          "result": "COMPLETED",
          "timestamp": "2023-06-16T01:42:37Z",
          "time": "0s",
          "classname": "MyStringTester"
        },
        {
          "name": "comparingTexts",
          "file": "\/tmp\/tmp_jtf8k15\/student\/zaj14MyString\/unit_tests\/myStringTests.cpp",
          "line": 360,
          "status": "RUN",
          "result": "COMPLETED",
          "timestamp": "2023-06-16T01:42:37Z",
          "time": "0s",
          "classname": "MyStringTester"
        },
        {
          "name": "joiningContainer",
          "file": "\/tmp\/tmp_jtf8k15\/student\/zaj14MyString\/unit_tests\/myStringTests.cpp",
          "line": 377,
          "status": "RUN",
          "result": "COMPLETED",
          "timestamp": "2023-06-16T01:42:37Z",
          "time": "0s",
          "classname": "MyStringTester"
        },
        {
          "name": "all_of",
          "file": "\/tmp\/tmp_jtf8k15\/student\/zaj14MyString\/unit_tests\/myStringTests.cpp",
          "line": 396,
          "status": "RUN",
          "result": "COMPLETED",
          "timestamp": "2023-06-16T01:42:37Z",
          "time": "0s",
          "classname": "MyStringTester"
        }
      ]
    }
  ]
}
